Using pre-set license
Built from '2021.1/staging' branch; Version is '2021.1.5f1 (3737af19df53) revision 3618735'; Using compiler version '192528614'; Build Type 'Release'
OS: 'Windows 10 Pro; OS build 19043.1526; Version 2009; 64bit' Language: 'fr' Physical Memory: 16292 MB
BatchMode: 1, IsHumanControllingUs: 0, StartBugReporterOnCrash: 0, Is64bit: 1, IsPro: 0

 COMMAND LINE ARGUMENTS:
G:\Unity\Unity\Unity 2021.1.5f1\Editor\Unity.exe
-adb2
-batchMode
-noUpm
-name
AssetImportWorker0
-projectPath
G:/Unity/Github Repo/FastFPS/Parkour_UnityProject
-logFile
Logs/AssetImportWorker0.log
-srvPort
60532
Successfully changed project path to: G:/Unity/Github Repo/FastFPS/Parkour_UnityProject
G:/Unity/Github Repo/FastFPS/Parkour_UnityProject
Using Asset Import Pipeline V2.
Refreshing native plugins compatible for Editor in 75.62 ms, found 1 plugins.
Preloading 0 native plugins for Editor in 0.00 ms.
Initialize engine version: 2021.1.5f1 (3737af19df53)
[Subsystems] Discovering subsystems at path G:/Unity/Unity/Unity 2021.1.5f1/Editor/Data/Resources/UnitySubsystems
[Subsystems] Discovering subsystems at path G:/Unity/Github Repo/FastFPS/Parkour_UnityProject/Assets
GfxDevice: creating device client; threaded=0; jobified=0
Direct3D:
    Version:  Direct3D 11.0 [level 11.1]
    Renderer: NVIDIA GeForce GTX 1060 6GB (ID=0x1c03)
    Vendor:   NVIDIA
    VRAM:     6052 MB
    Driver:   30.0.14.9649
Initialize mono
Mono path[0] = 'G:/Unity/Unity/Unity 2021.1.5f1/Editor/Data/Managed'
Mono path[1] = 'G:/Unity/Unity/Unity 2021.1.5f1/Editor/Data/MonoBleedingEdge/lib/mono/unityjit'
Mono config path = 'G:/Unity/Unity/Unity 2021.1.5f1/Editor/Data/MonoBleedingEdge/etc'
Using monoOptions --debugger-agent=transport=dt_socket,embedding=1,server=y,suspend=n,address=127.0.0.1:56808
Begin MonoManager ReloadAssembly
Registering precompiled unity dll's ...
Register platform support module: G:/Unity/Unity/Unity 2021.1.5f1/Editor/Data/PlaybackEngines/WindowsStandaloneSupport/UnityEditor.WindowsStandalone.Extensions.dll
Registered in 0.001153 seconds.
Native extension for WindowsStandalone target not found
Refreshing native plugins compatible for Editor in 81.71 ms, found 1 plugins.
Preloading 0 native plugins for Editor in 0.00 ms.
Mono: successfully reloaded assembly
- Completed reload, in  1.318 seconds
Platform modules already initialized, skipping
Registering precompiled user dll's ...
Registered in 0.002757 seconds.
Begin MonoManager ReloadAssembly
Native extension for WindowsStandalone target not found
Refreshing native plugins compatible for Editor in 0.88 ms, found 1 plugins.
Preloading 0 native plugins for Editor in 0.00 ms.
Mono: successfully reloaded assembly
- Completed reload, in  0.995 seconds
Platform modules already initialized, skipping
========================================================================
Worker process is ready to serve import requests
Launched and connected shader compiler UnityShaderCompiler.exe after 0.05 seconds
Refreshing native plugins compatible for Editor in 1.14 ms, found 1 plugins.
Preloading 0 native plugins for Editor in 0.00 ms.
Unloading 3056 Unused Serialized files (Serialized files now loaded: 0)
System memory in use before: 113.8 MB.
System memory in use after: 113.9 MB.

Unloading 16 unused Assets to reduce memory usage. Loaded Objects now: 3509.
Total: 4.677600 ms (FindLiveObjects: 0.493300 ms CreateObjectMapping: 0.122400 ms MarkObjects: 3.830700 ms  DeleteObjects: 0.229300 ms)

========================================================================
Received Import Request.
  path: Assets/Script/Wallrun.cs
  artifactKey: Guid(853ad786405504c45a0a19a57ae489ed) Importer(815301076,1909f56bfc062723c751e8b465ee728b)
Start importing Assets/Script/Wallrun.cs using Guid(853ad786405504c45a0a19a57ae489ed) Importer(815301076,1909f56bfc062723c751e8b465ee728b)  -> (artifact id: 'e9b06eb5b18d392785ab15614bb3f08e') in 0.057989 seconds 
========================================================================
Received Prepare
Registering precompiled user dll's ...
Registered in 0.002827 seconds.
Begin MonoManager ReloadAssembly
Native extension for WindowsStandalone target not found
Refreshing native plugins compatible for Editor in 0.68 ms, found 1 plugins.
Preloading 0 native plugins for Editor in 0.00 ms.
Mono: successfully reloaded assembly
- Completed reload, in  0.899 seconds
Platform modules already initialized, skipping
Refreshing native plugins compatible for Editor in 0.91 ms, found 1 plugins.
Preloading 0 native plugins for Editor in 0.00 ms.
Unloading 3032 Unused Serialized files (Serialized files now loaded: 0)
System memory in use before: 111.8 MB.
System memory in use after: 112.0 MB.

Unloading 11 unused Assets to reduce memory usage. Loaded Objects now: 3512.
Total: 2.633600 ms (FindLiveObjects: 0.574100 ms CreateObjectMapping: 0.079800 ms MarkObjects: 1.861600 ms  DeleteObjects: 0.116600 ms)

========================================================================
Received Import Request.
  Time since last request: 60.956512 seconds.
  path: Assets/Script/Wallrun.cs
  artifactKey: Guid(853ad786405504c45a0a19a57ae489ed) Importer(815301076,1909f56bfc062723c751e8b465ee728b)
Start importing Assets/Script/Wallrun.cs using Guid(853ad786405504c45a0a19a57ae489ed) Importer(815301076,1909f56bfc062723c751e8b465ee728b)  -> (artifact id: 'f0bd2290b25c71a1aa633f27686b1012') in 0.006966 seconds 
========================================================================
Received Prepare
Registering precompiled user dll's ...
Registered in 0.002706 seconds.
Begin MonoManager ReloadAssembly
Native extension for WindowsStandalone target not found
Refreshing native plugins compatible for Editor in 0.72 ms, found 1 plugins.
Preloading 0 native plugins for Editor in 0.00 ms.
Mono: successfully reloaded assembly
- Completed reload, in  0.856 seconds
Platform modules already initialized, skipping
Refreshing native plugins compatible for Editor in 0.75 ms, found 1 plugins.
Preloading 0 native plugins for Editor in 0.00 ms.
Unloading 3032 Unused Serialized files (Serialized files now loaded: 0)
System memory in use before: 111.9 MB.
System memory in use after: 112.1 MB.

Unloading 11 unused Assets to reduce memory usage. Loaded Objects now: 3515.
Total: 2.388100 ms (FindLiveObjects: 0.305400 ms CreateObjectMapping: 0.082500 ms MarkObjects: 1.879500 ms  DeleteObjects: 0.119800 ms)

========================================================================
Received Import Request.
  Time since last request: 3776.642402 seconds.
  path: Assets/Script/Wallrun.cs
  artifactKey: Guid(853ad786405504c45a0a19a57ae489ed) Importer(815301076,1909f56bfc062723c751e8b465ee728b)
Start importing Assets/Script/Wallrun.cs using Guid(853ad786405504c45a0a19a57ae489ed) Importer(815301076,1909f56bfc062723c751e8b465ee728b)  -> (artifact id: '9dcac46781e03ed8d020dfc55e8bc5ba') in 0.006280 seconds 
========================================================================
Received Import Request.
  Time since last request: 616.662986 seconds.
  path: Assets/Script/Wallrun.cs
  artifactKey: Guid(853ad786405504c45a0a19a57ae489ed) Importer(815301076,1909f56bfc062723c751e8b465ee728b)
Start importing Assets/Script/Wallrun.cs using Guid(853ad786405504c45a0a19a57ae489ed) Importer(815301076,1909f56bfc062723c751e8b465ee728b)  -> (artifact id: '2bc5c4899f1164c2b178d686f3938abb') in 0.002024 seconds 
========================================================================
Received Prepare
Registering precompiled user dll's ...
Registered in 0.002591 seconds.
Begin MonoManager ReloadAssembly
Native extension for WindowsStandalone target not found
Refreshing native plugins compatible for Editor in 0.77 ms, found 1 plugins.
Preloading 0 native plugins for Editor in 0.00 ms.
Mono: successfully reloaded assembly
- Completed reload, in  0.850 seconds
Platform modules already initialized, skipping
Refreshing native plugins compatible for Editor in 0.65 ms, found 1 plugins.
Preloading 0 native plugins for Editor in 0.00 ms.
Unloading 3032 Unused Serialized files (Serialized files now loaded: 0)
System memory in use before: 111.9 MB.
System memory in use after: 112.1 MB.

Unloading 11 unused Assets to reduce memory usage. Loaded Objects now: 3518.
Total: 2.801000 ms (FindLiveObjects: 0.407800 ms CreateObjectMapping: 0.110700 ms MarkObjects: 2.183900 ms  DeleteObjects: 0.096900 ms)

========================================================================
Received Import Request.
  Time since last request: 13.429792 seconds.
  path: Assets/Script/Wallrun.cs
  artifactKey: Guid(853ad786405504c45a0a19a57ae489ed) Importer(815301076,1909f56bfc062723c751e8b465ee728b)
Start importing Assets/Script/Wallrun.cs using Guid(853ad786405504c45a0a19a57ae489ed) Importer(815301076,1909f56bfc062723c751e8b465ee728b)  -> (artifact id: '082c985bd51120b7badb24dd1842d609') in 0.005818 seconds 
========================================================================
Received Prepare
Registering precompiled user dll's ...
Registered in 0.002589 seconds.
Begin MonoManager ReloadAssembly
Native extension for WindowsStandalone target not found
Refreshing native plugins compatible for Editor in 0.62 ms, found 1 plugins.
Preloading 0 native plugins for Editor in 0.00 ms.
Mono: successfully reloaded assembly
- Completed reload, in  0.875 seconds
Platform modules already initialized, skipping
Refreshing native plugins compatible for Editor in 0.63 ms, found 1 plugins.
Preloading 0 native plugins for Editor in 0.00 ms.
Unloading 3032 Unused Serialized files (Serialized files now loaded: 0)
System memory in use before: 112.0 MB.
System memory in use after: 112.1 MB.

Unloading 11 unused Assets to reduce memory usage. Loaded Objects now: 3521.
Total: 2.432200 ms (FindLiveObjects: 0.300900 ms CreateObjectMapping: 0.084600 ms MarkObjects: 1.965400 ms  DeleteObjects: 0.080100 ms)

========================================================================
Received Import Request.
  Time since last request: 28.777115 seconds.
  path: Assets/Script/Wallrun.cs
  artifactKey: Guid(853ad786405504c45a0a19a57ae489ed) Importer(815301076,1909f56bfc062723c751e8b465ee728b)
Start importing Assets/Script/Wallrun.cs using Guid(853ad786405504c45a0a19a57ae489ed) Importer(815301076,1909f56bfc062723c751e8b465ee728b)  -> (artifact id: '96a0e7dbd23f01470f70603d46c10c78') in 0.005993 seconds 
========================================================================
Received Prepare
Registering precompiled user dll's ...
Registered in 0.002825 seconds.
Begin MonoManager ReloadAssembly
Native extension for WindowsStandalone target not found
Refreshing native plugins compatible for Editor in 0.64 ms, found 1 plugins.
Preloading 0 native plugins for Editor in 0.00 ms.
Mono: successfully reloaded assembly
- Completed reload, in  0.895 seconds
Platform modules already initialized, skipping
Refreshing native plugins compatible for Editor in 0.66 ms, found 1 plugins.
Preloading 0 native plugins for Editor in 0.00 ms.
Unloading 3032 Unused Serialized files (Serialized files now loaded: 0)
System memory in use before: 112.0 MB.
System memory in use after: 112.1 MB.

Unloading 11 unused Assets to reduce memory usage. Loaded Objects now: 3524.
Total: 2.284300 ms (FindLiveObjects: 0.264700 ms CreateObjectMapping: 0.080300 ms MarkObjects: 1.854900 ms  DeleteObjects: 0.083500 ms)

========================================================================
Received Prepare
Registering precompiled user dll's ...
Registered in 0.002612 seconds.
Begin MonoManager ReloadAssembly
Native extension for WindowsStandalone target not found
Refreshing native plugins compatible for Editor in 0.78 ms, found 1 plugins.
Preloading 0 native plugins for Editor in 0.00 ms.
Mono: successfully reloaded assembly
- Completed reload, in  0.841 seconds
Platform modules already initialized, skipping
Refreshing native plugins compatible for Editor in 0.63 ms, found 1 plugins.
Preloading 0 native plugins for Editor in 0.00 ms.
Unloading 3032 Unused Serialized files (Serialized files now loaded: 0)
System memory in use before: 112.0 MB.
System memory in use after: 112.1 MB.

Unloading 11 unused Assets to reduce memory usage. Loaded Objects now: 3527.
Total: 2.541800 ms (FindLiveObjects: 0.292900 ms CreateObjectMapping: 0.074500 ms MarkObjects: 2.077200 ms  DeleteObjects: 0.095400 ms)

========================================================================
Received Import Request.
  Time since last request: 107.592209 seconds.
  path: Assets/Script/Wallrun.cs
  artifactKey: Guid(853ad786405504c45a0a19a57ae489ed) Importer(815301076,1909f56bfc062723c751e8b465ee728b)
Start importing Assets/Script/Wallrun.cs using Guid(853ad786405504c45a0a19a57ae489ed) Importer(815301076,1909f56bfc062723c751e8b465ee728b)  -> (artifact id: '06b37caa1d2dae9ffd498c081882b389') in 0.005605 seconds 
========================================================================
Received Prepare
Registering precompiled user dll's ...
Registered in 0.002598 seconds.
Begin MonoManager ReloadAssembly
Native extension for WindowsStandalone target not found
Refreshing native plugins compatible for Editor in 0.68 ms, found 1 plugins.
Preloading 0 native plugins for Editor in 0.00 ms.
Mono: successfully reloaded assembly
- Completed reload, in  0.826 seconds
Platform modules already initialized, skipping
Refreshing native plugins compatible for Editor in 0.73 ms, found 1 plugins.
Preloading 0 native plugins for Editor in 0.00 ms.
Unloading 3032 Unused Serialized files (Serialized files now loaded: 0)
System memory in use before: 112.0 MB.
System memory in use after: 112.1 MB.

Unloading 11 unused Assets to reduce memory usage. Loaded Objects now: 3530.
Total: 2.437500 ms (FindLiveObjects: 0.321500 ms CreateObjectMapping: 0.275700 ms MarkObjects: 1.762600 ms  DeleteObjects: 0.076300 ms)

========================================================================
Received Import Request.
  Time since last request: 45.639475 seconds.
  path: Assets/Script/Wallrun.cs
  artifactKey: Guid(853ad786405504c45a0a19a57ae489ed) Importer(815301076,1909f56bfc062723c751e8b465ee728b)
Start importing Assets/Script/Wallrun.cs using Guid(853ad786405504c45a0a19a57ae489ed) Importer(815301076,1909f56bfc062723c751e8b465ee728b)  -> (artifact id: '55299465d263e3429750ca6a4e9a91e7') in 0.006149 seconds 
========================================================================
Received Prepare
Registering precompiled user dll's ...
Registered in 0.002667 seconds.
Begin MonoManager ReloadAssembly
Native extension for WindowsStandalone target not found
Refreshing native plugins compatible for Editor in 0.82 ms, found 1 plugins.
Preloading 0 native plugins for Editor in 0.00 ms.
Mono: successfully reloaded assembly
- Completed reload, in  0.842 seconds
Platform modules already initialized, skipping
Refreshing native plugins compatible for Editor in 0.92 ms, found 1 plugins.
Preloading 0 native plugins for Editor in 0.00 ms.
Unloading 3032 Unused Serialized files (Serialized files now loaded: 0)
System memory in use before: 112.0 MB.
System memory in use after: 112.1 MB.

Unloading 11 unused Assets to reduce memory usage. Loaded Objects now: 3533.
Total: 2.441700 ms (FindLiveObjects: 0.334200 ms CreateObjectMapping: 0.121300 ms MarkObjects: 1.903200 ms  DeleteObjects: 0.081700 ms)

========================================================================
Received Prepare
Registering precompiled user dll's ...
Registered in 0.002571 seconds.
Begin MonoManager ReloadAssembly
Native extension for WindowsStandalone target not found
Refreshing native plugins compatible for Editor in 0.63 ms, found 1 plugins.
Preloading 0 native plugins for Editor in 0.00 ms.
Mono: successfully reloaded assembly
- Completed reload, in  0.802 seconds
Platform modules already initialized, skipping
Refreshing native plugins compatible for Editor in 0.66 ms, found 1 plugins.
Preloading 0 native plugins for Editor in 0.00 ms.
Unloading 3032 Unused Serialized files (Serialized files now loaded: 0)
System memory in use before: 112.0 MB.
System memory in use after: 112.2 MB.

Unloading 11 unused Assets to reduce memory usage. Loaded Objects now: 3536.
Total: 2.271200 ms (FindLiveObjects: 0.255900 ms CreateObjectMapping: 0.097100 ms MarkObjects: 1.832100 ms  DeleteObjects: 0.084900 ms)

========================================================================
Received Prepare
Registering precompiled user dll's ...
Registered in 0.003000 seconds.
Begin MonoManager ReloadAssembly
Native extension for WindowsStandalone target not found
Refreshing native plugins compatible for Editor in 0.60 ms, found 1 plugins.
Preloading 0 native plugins for Editor in 0.00 ms.
Mono: successfully reloaded assembly
- Completed reload, in  0.806 seconds
Platform modules already initialized, skipping
Refreshing native plugins compatible for Editor in 0.60 ms, found 1 plugins.
Preloading 0 native plugins for Editor in 0.00 ms.
Unloading 3032 Unused Serialized files (Serialized files now loaded: 0)
System memory in use before: 112.0 MB.
System memory in use after: 112.2 MB.

Unloading 11 unused Assets to reduce memory usage. Loaded Objects now: 3539.
Total: 2.470800 ms (FindLiveObjects: 0.271400 ms CreateObjectMapping: 0.124400 ms MarkObjects: 1.976500 ms  DeleteObjects: 0.097400 ms)

========================================================================
Received Prepare
Registering precompiled user dll's ...
Registered in 0.002681 seconds.
Begin MonoManager ReloadAssembly
Native extension for WindowsStandalone target not found
Refreshing native plugins compatible for Editor in 0.65 ms, found 1 plugins.
Preloading 0 native plugins for Editor in 0.00 ms.
Mono: successfully reloaded assembly
- Completed reload, in  0.852 seconds
Platform modules already initialized, skipping
Refreshing native plugins compatible for Editor in 0.63 ms, found 1 plugins.
Preloading 0 native plugins for Editor in 0.00 ms.
Unloading 3032 Unused Serialized files (Serialized files now loaded: 0)
System memory in use before: 112.0 MB.
System memory in use after: 112.2 MB.

Unloading 11 unused Assets to reduce memory usage. Loaded Objects now: 3542.
Total: 2.200100 ms (FindLiveObjects: 0.289300 ms CreateObjectMapping: 0.080100 ms MarkObjects: 1.751600 ms  DeleteObjects: 0.078100 ms)

========================================================================
Received Prepare
Registering precompiled user dll's ...
Registered in 0.002593 seconds.
Begin MonoManager ReloadAssembly
Native extension for WindowsStandalone target not found
Refreshing native plugins compatible for Editor in 0.60 ms, found 1 plugins.
Preloading 0 native plugins for Editor in 0.00 ms.
Mono: successfully reloaded assembly
- Completed reload, in  0.822 seconds
Platform modules already initialized, skipping
Refreshing native plugins compatible for Editor in 0.95 ms, found 1 plugins.
Preloading 0 native plugins for Editor in 0.00 ms.
Unloading 3032 Unused Serialized files (Serialized files now loaded: 0)
System memory in use before: 112.0 MB.
System memory in use after: 112.2 MB.

Unloading 11 unused Assets to reduce memory usage. Loaded Objects now: 3545.
Total: 2.551100 ms (FindLiveObjects: 0.271100 ms CreateObjectMapping: 0.081200 ms MarkObjects: 2.115300 ms  DeleteObjects: 0.082100 ms)

========================================================================
Received Prepare
Registering precompiled user dll's ...
Registered in 0.002688 seconds.
Begin MonoManager ReloadAssembly
Native extension for WindowsStandalone target not found
Refreshing native plugins compatible for Editor in 0.60 ms, found 1 plugins.
Preloading 0 native plugins for Editor in 0.00 ms.
Mono: successfully reloaded assembly
- Completed reload, in  0.826 seconds
Platform modules already initialized, skipping
Refreshing native plugins compatible for Editor in 0.65 ms, found 1 plugins.
Preloading 0 native plugins for Editor in 0.00 ms.
Unloading 3032 Unused Serialized files (Serialized files now loaded: 0)
System memory in use before: 112.0 MB.
System memory in use after: 112.2 MB.

Unloading 11 unused Assets to reduce memory usage. Loaded Objects now: 3548.
Total: 2.324700 ms (FindLiveObjects: 0.270200 ms CreateObjectMapping: 0.088700 ms MarkObjects: 1.885300 ms  DeleteObjects: 0.078900 ms)

========================================================================
Received Prepare
Registering precompiled user dll's ...
Registered in 0.002913 seconds.
Begin MonoManager ReloadAssembly
Native extension for WindowsStandalone target not found
Refreshing native plugins compatible for Editor in 0.65 ms, found 1 plugins.
Preloading 0 native plugins for Editor in 0.00 ms.
Mono: successfully reloaded assembly
- Completed reload, in  0.848 seconds
Platform modules already initialized, skipping
Refreshing native plugins compatible for Editor in 0.76 ms, found 1 plugins.
Preloading 0 native plugins for Editor in 0.00 ms.
Unloading 3032 Unused Serialized files (Serialized files now loaded: 0)
System memory in use before: 112.1 MB.
System memory in use after: 112.2 MB.

Unloading 11 unused Assets to reduce memory usage. Loaded Objects now: 3551.
Total: 2.496000 ms (FindLiveObjects: 0.402900 ms CreateObjectMapping: 0.101100 ms MarkObjects: 1.898600 ms  DeleteObjects: 0.092100 ms)

========================================================================
Received Prepare
Registering precompiled user dll's ...
Registered in 0.003204 seconds.
Begin MonoManager ReloadAssembly
Native extension for WindowsStandalone target not found
Refreshing native plugins compatible for Editor in 0.62 ms, found 1 plugins.
Preloading 0 native plugins for Editor in 0.00 ms.
Mono: successfully reloaded assembly
- Completed reload, in  0.846 seconds
Platform modules already initialized, skipping
Refreshing native plugins compatible for Editor in 0.90 ms, found 1 plugins.
Preloading 0 native plugins for Editor in 0.00 ms.
Unloading 3032 Unused Serialized files (Serialized files now loaded: 0)
System memory in use before: 112.1 MB.
System memory in use after: 112.2 MB.

Unloading 11 unused Assets to reduce memory usage. Loaded Objects now: 3554.
Total: 2.637500 ms (FindLiveObjects: 0.396200 ms CreateObjectMapping: 0.199600 ms MarkObjects: 1.950100 ms  DeleteObjects: 0.090300 ms)

========================================================================
Received Prepare
Registering precompiled user dll's ...
Registered in 0.002968 seconds.
Begin MonoManager ReloadAssembly
Native extension for WindowsStandalone target not found
Refreshing native plugins compatible for Editor in 0.59 ms, found 1 plugins.
Preloading 0 native plugins for Editor in 0.00 ms.
Mono: successfully reloaded assembly
- Completed reload, in  0.816 seconds
Platform modules already initialized, skipping
Refreshing native plugins compatible for Editor in 0.63 ms, found 1 plugins.
Preloading 0 native plugins for Editor in 0.00 ms.
Unloading 3032 Unused Serialized files (Serialized files now loaded: 0)
System memory in use before: 112.1 MB.
System memory in use after: 112.2 MB.

Unloading 11 unused Assets to reduce memory usage. Loaded Objects now: 3557.
Total: 2.566000 ms (FindLiveObjects: 0.323900 ms CreateObjectMapping: 0.084900 ms MarkObjects: 2.072300 ms  DeleteObjects: 0.083500 ms)

========================================================================
Received Prepare
Registering precompiled user dll's ...
Registered in 0.002807 seconds.
Begin MonoManager ReloadAssembly
Native extension for WindowsStandalone target not found
Refreshing native plugins compatible for Editor in 0.69 ms, found 1 plugins.
Preloading 0 native plugins for Editor in 0.00 ms.
Mono: successfully reloaded assembly
- Completed reload, in  0.828 seconds
Platform modules already initialized, skipping
Refreshing native plugins compatible for Editor in 0.65 ms, found 1 plugins.
Preloading 0 native plugins for Editor in 0.00 ms.
Unloading 3032 Unused Serialized files (Serialized files now loaded: 0)
System memory in use before: 112.1 MB.
System memory in use after: 112.2 MB.

Unloading 11 unused Assets to reduce memory usage. Loaded Objects now: 3560.
Total: 2.408700 ms (FindLiveObjects: 0.273600 ms CreateObjectMapping: 0.079600 ms MarkObjects: 1.967200 ms  DeleteObjects: 0.087100 ms)

========================================================================
Received Prepare
Registering precompiled user dll's ...
Registered in 0.003140 seconds.
Begin MonoManager ReloadAssembly
Native extension for WindowsStandalone target not found
Refreshing native plugins compatible for Editor in 0.59 ms, found 1 plugins.
Preloading 0 native plugins for Editor in 0.00 ms.
Mono: successfully reloaded assembly
- Completed reload, in  0.853 seconds
Platform modules already initialized, skipping
Refreshing native plugins compatible for Editor in 0.66 ms, found 1 plugins.
Preloading 0 native plugins for Editor in 0.00 ms.
Unloading 3032 Unused Serialized files (Serialized files now loaded: 0)
System memory in use before: 112.1 MB.
System memory in use after: 112.2 MB.

Unloading 11 unused Assets to reduce memory usage. Loaded Objects now: 3563.
Total: 2.335100 ms (FindLiveObjects: 0.289000 ms CreateObjectMapping: 0.081000 ms MarkObjects: 1.883400 ms  DeleteObjects: 0.080300 ms)

========================================================================
Received Prepare
Registering precompiled user dll's ...
Registered in 0.002779 seconds.
Begin MonoManager ReloadAssembly
Native extension for WindowsStandalone target not found
Refreshing native plugins compatible for Editor in 0.67 ms, found 1 plugins.
Preloading 0 native plugins for Editor in 0.00 ms.
Mono: successfully reloaded assembly
- Completed reload, in  0.868 seconds
Platform modules already initialized, skipping
Refreshing native plugins compatible for Editor in 0.87 ms, found 1 plugins.
Preloading 0 native plugins for Editor in 0.00 ms.
Unloading 3032 Unused Serialized files (Serialized files now loaded: 0)
System memory in use before: 112.1 MB.
System memory in use after: 112.2 MB.

Unloading 11 unused Assets to reduce memory usage. Loaded Objects now: 3566.
Total: 2.294000 ms (FindLiveObjects: 0.289900 ms CreateObjectMapping: 0.078400 ms MarkObjects: 1.835300 ms  DeleteObjects: 0.089200 ms)

========================================================================
Received Prepare
Registering precompiled user dll's ...
Registered in 0.002703 seconds.
Begin MonoManager ReloadAssembly
Native extension for WindowsStandalone target not found
Refreshing native plugins compatible for Editor in 0.61 ms, found 1 plugins.
Preloading 0 native plugins for Editor in 0.00 ms.
Mono: successfully reloaded assembly
- Completed reload, in  0.842 seconds
Platform modules already initialized, skipping
Refreshing native plugins compatible for Editor in 0.70 ms, found 1 plugins.
Preloading 0 native plugins for Editor in 0.00 ms.
Unloading 3032 Unused Serialized files (Serialized files now loaded: 0)
System memory in use before: 112.1 MB.
System memory in use after: 112.2 MB.

Unloading 11 unused Assets to reduce memory usage. Loaded Objects now: 3569.
Total: 2.439300 ms (FindLiveObjects: 0.365100 ms CreateObjectMapping: 0.214300 ms MarkObjects: 1.775700 ms  DeleteObjects: 0.083100 ms)

========================================================================
Received Prepare
Registering precompiled user dll's ...
Registered in 0.002505 seconds.
Begin MonoManager ReloadAssembly
Native extension for WindowsStandalone target not found
Refreshing native plugins compatible for Editor in 0.61 ms, found 1 plugins.
Preloading 0 native plugins for Editor in 0.00 ms.
Mono: successfully reloaded assembly
- Completed reload, in  0.796 seconds
Platform modules already initialized, skipping
Refreshing native plugins compatible for Editor in 0.61 ms, found 1 plugins.
Preloading 0 native plugins for Editor in 0.00 ms.
Unloading 3032 Unused Serialized files (Serialized files now loaded: 0)
System memory in use before: 112.1 MB.
System memory in use after: 112.3 MB.

Unloading 11 unused Assets to reduce memory usage. Loaded Objects now: 3572.
Total: 2.455900 ms (FindLiveObjects: 0.265300 ms CreateObjectMapping: 0.082000 ms MarkObjects: 2.019400 ms  DeleteObjects: 0.087900 ms)

AssetImportWorkerClient::OnTransportError - code=2 error=End of file
